<?xml version="1.0" encoding="UTF-8"?>
<testsuite name="MapMakerAcceptanceTests" tests="3" skipped="0" failures="0" errors="0" timestamp="2017-03-31T14:28:34" time="2.355">
<testcase name="TestAppearanceOnLoad" classname="MapMakerAcceptanceTests" time="1.123">
<system-out><![CDATA[]]></system-out>
</testcase>
<testcase name="TestOptionsButton" classname="MapMakerAcceptanceTests" time="0.617">
<system-out><![CDATA[14:28:36.140 Log       : Button pressed: OptionsButton (UnityEngine.GameObject)
]]></system-out>
</testcase>
<testcase name="TestUploadButton" classname="MapMakerAcceptanceTests" time="0.606">
<system-out><![CDATA[14:28:36.749 Log       : Button pressed: UploadButton (UnityEngine.GameObject)
14:28:36.916 Log       : Button pressed: CancelButton (UnityEngine.GameObject)
]]></system-out>
</testcase>
</testsuite>
