<?xml version="1.0" encoding="UTF-8"?>
<testsuite name="MapMakerOptionsAcceptanceTests" tests="4" skipped="0" failures="0" errors="0" timestamp="2017-03-31T14:28:37" time="3.084">
<testcase name="TestAppearance" classname="MapMakerOptionsAcceptanceTests" time="0.601">
<system-out><![CDATA[14:28:37.386 Log       : Button pressed: OptionsButton (UnityEngine.GameObject)
]]></system-out>
</testcase>
<testcase name="TestResumeButton" classname="MapMakerOptionsAcceptanceTests" time="0.619">
<system-out><![CDATA[14:28:37.992 Log       : Button pressed: OptionsButton (UnityEngine.GameObject)
14:28:38.042 Log       : Button pressed: ResumeButton (UnityEngine.GameObject)
]]></system-out>
</testcase>
<testcase name="TestReturnToTitleButton" classname="MapMakerOptionsAcceptanceTests" time="0.697">
<system-out><![CDATA[14:28:38.610 Log       : Button pressed: OptionsButton (UnityEngine.GameObject)
14:28:38.660 Log       : Button pressed: ReturnToTitleButton (UnityEngine.GameObject)
]]></system-out>
</testcase>
<testcase name="TestHowToButton" classname="MapMakerOptionsAcceptanceTests" time="1.153">
<system-out><![CDATA[14:28:39.476 Log       : Button pressed: OptionsButton (UnityEngine.GameObject)
14:28:39.526 Log       : Button pressed: HowToButton (UnityEngine.GameObject)
14:28:39.675 Log       : Button pressed: Button (UnityEngine.GameObject)
]]></system-out>
</testcase>
</testsuite>
