<?xml version="1.0" encoding="UTF-8"?>
<testsuite name="GameSelectAcceptanceTests" tests="4" skipped="0" failures="0" errors="0" timestamp="2017-03-31T14:28:31" time="3.313">
<testcase name="TestAppearanceOnLoad" classname="GameSelectAcceptanceTests" time="1.197">
<system-out><![CDATA[]]></system-out>
</testcase>
<testcase name="TestHowToPlayButton" classname="GameSelectAcceptanceTests" time="0.610">
<system-out><![CDATA[14:28:32.883 Log       : Button pressed: HowToPlayButton (UnityEngine.GameObject)
14:28:33.006 Log       : Button pressed: BackButton (UnityEngine.GameObject)
]]></system-out>
</testcase>
<testcase name="TestMapMakerButton" classname="GameSelectAcceptanceTests" time="0.801">
<system-out><![CDATA[14:28:33.467 Log       : Button pressed: MapMakerButton (UnityEngine.GameObject)
]]></system-out>
</testcase>
<testcase name="TestPlayGameButton" classname="GameSelectAcceptanceTests" time="0.691">
<system-out><![CDATA[14:28:34.418 Log       : Button pressed: PlayGameButton (UnityEngine.GameObject)
]]></system-out>
</testcase>
</testsuite>
